
> frontend@0.1.0 lint
> eslint


C:\Users\DeLL\Desktop\Program\Projects\Swasthini\frontend\src\app\(auth)\login\page.tsx
  30:19  error  Unexpected any. Specify a different type                         @typescript-eslint/no-explicit-any
  49:27  error  Unexpected any. Specify a different type                         @typescript-eslint/no-explicit-any
  57:27  error  Unexpected any. Specify a different type                         @typescript-eslint/no-explicit-any
  67:14  error  `'` can be escaped with `&apos;`, `&lsquo;`, `&#39;`, `&rsquo;`  react/no-unescaped-entities

C:\Users\DeLL\Desktop\Program\Projects\Swasthini\frontend\src\app\(auth)\register\page.tsx
  31:19  error  Unexpected any. Specify a different type  @typescript-eslint/no-explicit-any
  50:27  error  Unexpected any. Specify a different type  @typescript-eslint/no-explicit-any
  58:27  error  Unexpected any. Specify a different type  @typescript-eslint/no-explicit-any
  66:27  error  Unexpected any. Specify a different type  @typescript-eslint/no-explicit-any

C:\Users\DeLL\Desktop\Program\Projects\Swasthini\frontend\src\app\ai-checker\page.tsx
  6:8  warning  'Input' is defined but never used  @typescript-eslint/no-unused-vars

C:\Users\DeLL\Desktop\Program\Projects\Swasthini\frontend\src\app\appointments\page.tsx
  10:42  error    Unexpected any. Specify a different type  @typescript-eslint/no-explicit-any
  11:52  error    Unexpected any. Specify a different type  @typescript-eslint/no-explicit-any
  38:14  warning  'err' is defined but never used           @typescript-eslint/no-unused-vars

C:\Users\DeLL\Desktop\Program\Projects\Swasthini\frontend\src\app\cycle-tracker\page.tsx
   11:40   error    Unexpected any. Specify a different type  @typescript-eslint/no-explicit-any
   46:14   warning  'err' is defined but never used           @typescript-eslint/no-unused-vars
   62:14   warning  'err' is defined but never used           @typescript-eslint/no-unused-vars
   92:87   error    Unexpected any. Specify a different type  @typescript-eslint/no-explicit-any
   93:83   error    Unexpected any. Specify a different type  @typescript-eslint/no-explicit-any
  109:80   error    Unexpected any. Specify a different type  @typescript-eslint/no-explicit-any
  110:102  error    Unexpected any. Specify a different type  @typescript-eslint/no-explicit-any

C:\Users\DeLL\Desktop\Program\Projects\Swasthini\frontend\src\app\dashboard\page.tsx
  15:36  error  Unexpected any. Specify a different type  @typescript-eslint/no-explicit-any

C:\Users\DeLL\Desktop\Program\Projects\Swasthini\frontend\src\app\forum\page.tsx
   11:38  error    Unexpected any. Specify a different type  @typescript-eslint/no-explicit-any
   40:14  warning  'err' is defined but never used           @typescript-eslint/no-unused-vars
   51:14  warning  'err' is defined but never used           @typescript-eslint/no-unused-vars
   75:60  error    Unexpected any. Specify a different type  @typescript-eslint/no-explicit-any
  109:76  error    Unexpected any. Specify a different type  @typescript-eslint/no-explicit-any
  118:63  error    Unexpected any. Specify a different type  @typescript-eslint/no-explicit-any

C:\Users\DeLL\Desktop\Program\Projects\Swasthini\frontend\src\components\Navbar.tsx
  18:5  error  Error: Calling setState synchronously within an effect can trigger cascading renders

Effects are intended to synchronize state between React and external systems such as manually updating the DOM, state management libraries, or other platform APIs. In general, the body of an effect should do one or both of the following:
* Update external systems with the latest state from React.
* Subscribe for updates from some external system, calling setState in a callback function when external state changes.

Calling setState synchronously within an effect body causes cascading renders that can hurt performance, and is not recommended. (https://react.dev/learn/you-might-not-need-an-effect).

C:\Users\DeLL\Desktop\Program\Projects\Swasthini\frontend\src\components\Navbar.tsx:18:5
  16 |   useEffect(() => {
  17 |     const token = Cookies.get('token');
> 18 |     setIsAuthenticated(!!token);
     |     ^^^^^^^^^^^^^^^^^^ Avoid calling setState() directly within an effect
  19 |   }, [pathname]);
  20 |
  21 |   const handleLogout = () => {  react-hooks/set-state-in-effect

Γ£û 27 problems (21 errors, 6 warnings)

